<?xml version="1.0" encoding="UTF-8"?>
<!-- Generated by org.testng.reporters.JUnitReportReporter -->
<testsuite hostname="Diksha-PC" failures="0" tests="1" name="SeleniumMaven.TC_LoginPage" time="0.013" errors="0" timestamp="2022-07-22T15:46:48 EDT" skipped="0">
  <testcase classname="SeleniumMaven.TC_LoginPage" name="loginPage" time="0.013"/>
  <system-out/>
</testsuite> <!-- SeleniumMaven.TC_LoginPage -->
