<?xml version="1.0" encoding="UTF-8"?>
<!-- Generated by org.testng.reporters.JUnitReportReporter -->
<testsuite hostname="Diksha-PC" failures="0" tests="1" name="SeleniumMaven.TCPortalPage" time="1.692" errors="0" timestamp="2022-07-22T15:43:11 EDT" skipped="0">
  <testcase classname="SeleniumMaven.TCPortalPage" name="PortalPage" time="1.692"/>
  <system-out/>
</testsuite> <!-- SeleniumMaven.TCPortalPage -->
