<?xml version="1.0" encoding="UTF-8"?>
<!-- Generated by org.testng.reporters.JUnitReportReporter -->
<testsuite hostname="Diksha-PC" failures="0" tests="3" name="SeleniumMaven.TCHomePage" time="2.159" errors="0" timestamp="2022-07-22T15:43:11 EDT" skipped="0">
  <testcase classname="SeleniumMaven.TCHomePage" name="homepage" time="0.631"/>
  <system-out/>
  <testcase classname="SeleniumMaven.TCHomePage" name="homepage" time="0.681"/>
  <system-out/>
  <testcase classname="SeleniumMaven.TCHomePage" name="homepage" time="0.847"/>
  <system-out/>
</testsuite> <!-- SeleniumMaven.TCHomePage -->
